-------------------------------------------------------------------------------
Test set: com.javatest.springbootexample.SpringBootExampleApplicationTests
-------------------------------------------------------------------------------
Tests run: 1, Failures: 0, Errors: 1, Skipped: 0, Time elapsed: 0.31 s <<< FAILURE! - in com.javatest.springbootexample.SpringBootExampleApplicationTests
com.javatest.springbootexample.SpringBootExampleApplicationTests  Time elapsed: 0.309 s  <<< ERROR!
java.lang.IllegalStateException: Unable to find a @SpringBootConfiguration, you need to use @ContextConfiguration or @SpringBootTest(classes=...) with your test

